Script started on 2018-04-09 18:02:41-0700
]0;kuro@kuro-G751JY: ~/css430/ThreadOS[01;32mkuro@kuro-G751JY[00m:[01;34m~/css430/ThreadOS[00m$ s[Kjava Boot
threadOS ver 1.0:
Type ? for help
threadOS: a new thread (thread=Thread[Thread-3,2,main] tid=0 pid=-1)
-->l Shell
l Shell
Shell process made by Hongfei Xie
threadOS: a new thread (thread=Thread[Thread-5,2,main] tid=1 pid=0)
Shell[1]% PingPong abc 100  ; PingPong xyz 50  ; PingPong 123 100
threadOS: a new thread (thread=Thread[Thread-7,2,main] tid=2 pid=1)
abc abc abc abc abc abc abc abc abc abc abc abc abc abc abc abc abc abc abc abc abc abc abc abc abc abc abc abc abc abc abc abc abc abc abc abc abc abc abc abc abc abc abc abc abc abc abc abc abc abc abc abc abc abc abc abc abc abc abc abc abc abc abc abc abc abc abc abc abc abc abc abc abc abc abc abc abc abc abc abc abc abc abc abc abc abc abc abc abc abc abc abc abc abc abc abc abc abc abc abc 
threadOS: a new thread (thread=Thread[Thread-9,2,main] tid=3 pid=1)
xyz xyz xyz xyz xyz xyz xyz xyz xyz xyz xyz xyz xyz xyz xyz xyz xyz xyz xyz xyz xyz xyz xyz xyz xyz xyz xyz xyz xyz xyz xyz xyz xyz xyz xyz xyz xyz xyz xyz xyz xyz xyz xyz xyz xyz xyz xyz xyz xyz xyz xyz xyz xyz xyz xyz xyz xyz xyz xyz xyz xyz xyz xyz xyz xyz xyz xyz xyz xyz xyz xyz xyz xyz xyz xyz xyz xyz xyz xyz xyz xyz xyz xyz xyz xyz xyz xyz xyz xyz xyz xyz xyz xyz xyz xyz xyz xyz xyz xyz xyz 
threadOS: a new thread (thread=Thread[Thread-11,2,main] tid=4 pid=1)
123 123 123 123 123 123 123 123 123 123 123 123 123 123 123 123 123 123 123 123 123 123 123 123 123 123 123 123 123 123 123 123 123 123 123 123 123 123 123 123 123 123 123 123 123 123 123 123 123 123 123 123 123 123 123 123 123 123 123 123 123 123 123 123 123 123 123 123 123 123 123 123 123 123 123 123 123 123 123 123 123 123 123 123 123 123 123 123 123 123 123 123 123 123 123 123 123 123 123 123 
Shell[2]% PingPong abc 50   ; PingPong xyz 100 & PingPong 123 100
threadOS: a new thread (thread=Thread[Thread-13,2,main] tid=5 pid=1)
abc abc abc abc abc abc abc abc abc abc abc abc abc abc abc abc abc abc abc abc abc abc abc abc abc abc abc abc abc abc abc abc abc abc abc abc abc abc abc abc abc abc abc abc abc abc abc abc abc abc abc abc abc abc abc abc abc abc abc abc abc abc abc abc abc abc abc abc abc abc abc abc abc abc abc abc abc abc abc abc abc abc abc abc abc abc abc abc abc abc abc abc abc abc abc abc abc abc abc abc 
threadOS: a new thread (thread=Thread[Thread-15,2,main] tid=6 pid=1)
threadOS: a new thread (thread=Thread[Thread-17,2,main] tid=7 pid=1)
xyz xyz xyz xyz xyz xyz xyz xyz xyz xyz 123 xyz 123 xyz 123 xyz 123 xyz 123 xyz 123 xyz 123 xyz 123 xyz 123 xyz 123 xyz 123 xyz 123 xyz 123 xyz 123 xyz 123 xyz 123 xyz 123 xyz 123 xyz 123 xyz 123 xyz 123 xyz 123 xyz 123 xyz 123 xyz 123 xyz 123 xyz 123 xyz 123 xyz 123 xyz 123 xyz 123 xyz 123 xyz 123 xyz 123 xyz 123 xyz 123 xyz 123 xyz 123 xyz 123 xyz 123 xyz 123 xyz 123 xyz 123 xyz 123 xyz 123 xyz 123 xyz 123 xyz 123 xyz 123 xyz 123 xyz 123 xyz 123 xyz 123 xyz 123 xyz 123 xyz 123 xyz 123 xyz 123 xyz 123 xyz 123 xyz 123 xyz 123 xyz 123 xyz 123 xyz 123 xyz 123 xyz 123 xyz 123 xyz 123 xyz 123 xyz 123 xyz 123 xyz 123 xyz 123 xyz 123 xyz 123 xyz 123 xyz 123 xyz 123 xyz 123 xyz 123 xyz 123 xyz 123 xyz 123 xyz 123 xyz 123 xyz 123 xyz 123 xyz 123 xyz 123 xyz 123 
123 123 123 123 123 123 123 123 123 
Shell[3]% PingPong abc 100  & PingPong xyz 100 ; PingPong 123 50
threadOS: a new thread (thread=Thread[Thread-19,2,main] tid=8 pid=1)
threadOS: a new thread (thread=Thread[Thread-21,2,main] tid=9 pid=1)
abc abc abc abc abc abc abc abc abc abc xyz abc xyz abc xyz abc xyz abc xyz abc xyz abc xyz abc xyz abc xyz abc xyz abc xyz abc xyz abc xyz abc xyz abc xyz abc xyz abc xyz abc xyz abc xyz abc xyz abc xyz abc xyz abc xyz abc xyz abc xyz abc xyz abc xyz abc xyz abc abc xyz abc xyz abc xyz abc xyz abc xyz abc xyz abc xyz abc xyz abc xyz abc xyz abc xyz abc xyz abc xyz abc xyz abc xyz abc xyz abc xyz abc xyz abc xyz abc xyz abc xyz abc xyz abc xyz abc xyz abc xyz abc xyz abc xyz abc xyz abc xyz abc xyz abc xyz abc xyz abc xyz abc xyz abc xyz abc xyz abc xyz abc xyz abc xyz abc xyz abc xyz abc xyz abc xyz abc xyz abc xyz abc xyz abc xyz abc xyz abc xyz abc xyz abc xyz abc xyz abc xyz abc xyz abc xyz abc xyz abc xyz abc xyz abc xyz abc xyz abc xyz abc xyz 
xyz xyz xyz xyz xyz xyz xyz xyz xyz xyz 
threadOS: a new thread (thread=Thread[Thread-23,2,main] tid=10 pid=1)
123 123 123 123 123 123 123 123 123 123 123 123 123 123 123 123 123 123 123 123 123 123 123 123 123 123 123 123 123 123 123 123 123 123 123 123 123 123 123 123 123 123 123 123 123 123 123 123 123 123 123 123 123 123 123 123 123 123 123 123 123 123 123 123 123 123 123 123 123 123 123 123 123 123 123 123 123 123 123 123 123 123 123 123 123 123 123 123 123 123 123 123 123 123 123 123 123 123 123 123 
Shell[4]% PingPong abc 50   & PingPong xyz 50  & PingPong 123 100
threadOS: a new thread (thread=Thread[Thread-25,2,main] tid=11 pid=1)
threadOS: a new thread (thread=Thread[Thread-27,2,main] tid=12 pid=1)
threadOS: a new thread (thread=Thread[Thread-29,2,main] tid=13 pid=1)
abc abc abc abc abc abc abc abc abc abc abc abc abc abc abc abc abc abc abc abc xyz abc xyz abc xyz abc xyz abc xyz abc xyz abc xyz abc xyz abc xyz abc xyz abc xyz abc xyz abc xyz abc xyz abc xyz abc xyz abc xyz abc xyz abc xyz abc xyz abc 123 xyz abc xyz abc 123 xyz abc xyz abc 123 xyz abc xyz abc 123 xyz abc xyz abc 123 xyz abc xyz abc 123 xyz abc xyz abc 123 xyz abc xyz abc 123 xyz abc xyz abc 123 xyz abc xyz abc 123 xyz abc xyz abc 123 xyz abc xyz abc 123 xyz abc xyz abc 123 xyz abc xyz abc 123 xyz abc xyz abc 123 xyz abc xyz abc 123 xyz abc xyz abc 123 xyz abc xyz abc 123 xyz abc xyz abc 123 xyz abc xyz abc 123 xyz abc xyz abc 123 xyz abc xyz abc 123 xyz abc xyz abc 123 xyz abc xyz abc 123 xyz abc xyz abc 123 xyz abc xyz abc 123 xyz abc xyz abc 123 xyz abc xyz abc 123 xyz abc xyz abc 123 xyz abc xyz abc 123 xyz abc xyz abc 123 xyz 
xyz 123 xyz xyz 123 xyz xyz 123 xyz xyz 123 xyz xyz 123 xyz xyz 123 xyz xyz 123 xyz xyz 123 xyz xyz 123 xyz xyz 123 
123 123 123 123 123 123 123 123 123 123 123 123 123 123 123 123 123 123 123 123 123 123 123 123 123 123 123 123 123 123 123 123 123 123 123 123 123 123 123 123 123 123 123 123 123 123 123 123 123 123 123 123 123 123 123 123 123 123 123 
Shell[5]% Exit
Exiting shell
Superblock synchronized
-->q
q
Superblock synchronized
]0;kuro@kuro-G751JY: ~/css430/ThreadOS[01;32mkuro@kuro-G751JY[00m:[01;34m~/css430/ThreadOS[00m$ exit
exit

Script done on 2018-04-09 18:06:24-0700
